<?xml version="1.0" encoding="UTF-8"?>
<testsuite name="TestSuite" time="24.337" tests="7" errors="0" skipped="0" failures="4">
  <properties>
[...]
</properties>
  <testcase name="logintest" classname="com.inetbanking.testCases.TC_Login_Test001" time="3.82"/>
  <testcase name="loginDDT" classname="com.inetbanking.testCases.TC_Login_DDT_002" time="6.284">
    <failure message="expected [true] but found [false]" type="java.lang.AssertionError">java.lang.AssertionError: expected [true] but found [false]
	at org.testng.Assert.fail(Assert.java:94)
	at org.testng.Assert.failNotEquals(Assert.java:513)
	at org.testng.Assert.assertTrue(Assert.java:42)
	at org.testng.Assert.assertTrue(Assert.java:52)
	at com.inetbanking.testCases.TC_Login_DDT_002.loginDDT(TC_Login_DDT_002.java:66)
</failure>
    <system-out><![CDATA[ INFO [main] (TC_Login_DDT_002.java:26)- User Name Entered
 INFO [main] (TC_Login_DDT_002.java:32)- Password Entered
 INFO [main] (TC_Login_DDT_002.java:36)- Login submitted
 INFO [main] (TC_Login_DDT_002.java:62)- Test Case Failed
]]></system-out>
    <system-err><![CDATA[Starting ChromeDriver 92.0.4515.43 (8c61b7e2989f2990d42f859cac71319137787cce-refs/branch-heads/4515@{#306}) on port 36674
Only local connections are allowed.
Please see https://chromedriver.chromium.org/security-considerations for suggestions on keeping ChromeDriver safe.
ChromeDriver was started successfully.
Jul 26, 2021 6:10:37 PM org.openqa.selenium.remote.ProtocolHandshake createSession
INFO: Detected dialect: W3C
]]></system-err>
  </testcase>
  <testcase name="loginDDT" classname="com.inetbanking.testCases.TC_Login_DDT_002" time="6.476">
    <failure message="expected [true] but found [false]" type="java.lang.AssertionError">java.lang.AssertionError: expected [true] but found [false]
	at org.testng.Assert.fail(Assert.java:94)
	at org.testng.Assert.failNotEquals(Assert.java:513)
	at org.testng.Assert.assertTrue(Assert.java:42)
	at org.testng.Assert.assertTrue(Assert.java:52)
	at com.inetbanking.testCases.TC_Login_DDT_002.loginDDT(TC_Login_DDT_002.java:66)
</failure>
    <system-out><![CDATA[ INFO [main] (TC_Login_DDT_002.java:26)- User Name Entered
 INFO [main] (TC_Login_DDT_002.java:32)- Password Entered
 INFO [main] (TC_Login_DDT_002.java:36)- Login submitted
 INFO [main] (TC_Login_DDT_002.java:62)- Test Case Failed
]]></system-out>
  </testcase>
  <testcase name="loginDDT" classname="com.inetbanking.testCases.TC_Login_DDT_002" time="24.94"/>
  <testcase name="loginDDT" classname="com.inetbanking.testCases.TC_Login_DDT_002" time="7.069">
    <failure message="expected [true] but found [false]" type="java.lang.AssertionError">java.lang.AssertionError: expected [true] but found [false]
	at org.testng.Assert.fail(Assert.java:94)
	at org.testng.Assert.failNotEquals(Assert.java:513)
	at org.testng.Assert.assertTrue(Assert.java:42)
	at org.testng.Assert.assertTrue(Assert.java:52)
	at com.inetbanking.testCases.TC_Login_DDT_002.loginDDT(TC_Login_DDT_002.java:66)
</failure>
    <system-out><![CDATA[ INFO [main] (TC_Login_DDT_002.java:26)- User Name Entered
 INFO [main] (TC_Login_DDT_002.java:32)- Password Entered
 INFO [main] (TC_Login_DDT_002.java:36)- Login submitted
 INFO [main] (TC_Login_DDT_002.java:62)- Test Case Failed
]]></system-out>
  </testcase>
  <testcase name="register" classname="com.inetbanking.testCases.TC_Register_Test003" time="4.117">
    <failure message="expected [true] but found [false]" type="java.lang.AssertionError">java.lang.AssertionError: expected [true] but found [false]
	at org.testng.Assert.fail(Assert.java:94)
	at org.testng.Assert.failNotEquals(Assert.java:513)
	at org.testng.Assert.assertTrue(Assert.java:42)
	at org.testng.Assert.assertTrue(Assert.java:52)
	at com.inetbanking.testCases.TC_Register_Test003.register(TC_Register_Test003.java:52)
</failure>
    <system-out><![CDATA[ INFO [main] (TC_Register_Test003.java:35)- Email Entered
 INFO [main] (TC_Register_Test003.java:38)- Password Entered
 INFO [main] (TC_Register_Test003.java:43)- Submitted
 INFO [main] (TC_Register_Test003.java:51)- Reg Failed
]]></system-out>
    <system-err><![CDATA[Starting ChromeDriver 92.0.4515.43 (8c61b7e2989f2990d42f859cac71319137787cce-refs/branch-heads/4515@{#306}) on port 33006
Only local connections are allowed.
Please see https://chromedriver.chromium.org/security-considerations for suggestions on keeping ChromeDriver safe.
ChromeDriver was started successfully.
Jul 26, 2021 6:11:32 PM org.openqa.selenium.remote.ProtocolHandshake createSession
INFO: Detected dialect: W3C
]]></system-err>
  </testcase>
  <testcase name="Catclick" classname="com.inetbanking.testCases.TC_Categ_Test004" time="10.116"/>
</testsuite>